<?xml version="1.0" encoding="UTF-8"?>
<!-- Generated by org.testng.reporters.JUnitXMLReporter -->
<testsuite ignored="1" hostname="DESKTOP-L9JMAV8" failures="0" tests="3" name="Default test" time="11.979" errors="0" timestamp="2025-07-15T15:33:53 EET">
  <testcase classname="LoginPage.MyTestCases" name="Signup" time="6.092"/>
  <testcase classname="LoginPage.MyTestCases" name="logout" time="0.946"/>
  <testcase classname="LoginPage.MyTestCases" name="login" time="1.963"/>
  <testcase classname="LoginPage.MyTestCases" name="AddToCard" time="0.0">
    <ignored/>
  </testcase> <!-- AddToCard -->
</testsuite> <!-- Default test -->
