<?xml version="1.0" encoding="UTF-8"?>
<testng-results ignored="0" total="1" passed="1" failed="0" skipped="0">
  <reporter-output>
  </reporter-output>
  <suite started-at="2025-07-07T15:52:43 EET" name="Default suite" finished-at="2025-07-07T15:52:53 EET" duration-ms="9650">
    <groups>
    </groups>
    <test started-at="2025-07-07T15:52:43 EET" name="Default test" finished-at="2025-07-07T15:52:53 EET" duration-ms="9650">
      <class name="LoginPage.MyTestCases">
        <test-method is-config="true" signature="mySetup()[pri:0, instance:LoginPage.MyTestCases@4c168660]" started-at="2025-07-07T15:52:43 EET" name="mySetup" finished-at="2025-07-07T15:52:46 EET" duration-ms="3071" status="PASS">
          <reporter-output>
          </reporter-output>
        </test-method> <!-- mySetup -->
        <test-method signature="Signup()[pri:1, instance:LoginPage.MyTestCases@4c168660]" started-at="2025-07-07T15:52:46 EET" name="Signup" finished-at="2025-07-07T15:52:53 EET" duration-ms="6549" status="PASS">
          <reporter-output>
          </reporter-output>
        </test-method> <!-- Signup -->
      </class> <!-- LoginPage.MyTestCases -->
    </test> <!-- Default test -->
  </suite> <!-- Default suite -->
</testng-results>
